  add_pages.c
add_pages.c(25): warning C4133: '=': incompatible types - from 'CANVAS_ELEMENT *' to 'CANVAS_ELEMENT *'
add_pages.c(26): warning C4133: '=': incompatible types - from 'CANVAS_ELEMENT *' to 'CANVAS_ELEMENT *'
add_pages.c(29): warning C4133: '=': incompatible types - from 'CANVAS_ELEMENT *' to 'CANVAS_ELEMENT *'
add_pages.c(30): warning C4133: '=': incompatible types - from 'CANVAS_ELEMENT *' to 'CANVAS_ELEMENT *'
add_pages.c(33): warning C4133: '=': incompatible types - from 'CANVAS_ELEMENT *' to 'CANVAS_ELEMENT *'
add_pages.c(34): warning C4133: '=': incompatible types - from 'CANVAS_ELEMENT *' to 'CANVAS_ELEMENT *'
add_pages.c(37): warning C4133: '=': incompatible types - from 'CANVAS_ELEMENT *' to 'CANVAS_ELEMENT *'
add_pages.c(38): warning C4133: '=': incompatible types - from 'CANVAS_ELEMENT *' to 'CANVAS_ELEMENT *'
add_pages.c(41): warning C4133: '=': incompatible types - from 'CANVAS_ELEMENT *' to 'CANVAS_ELEMENT *'
add_pages.c(42): warning C4133: '=': incompatible types - from 'CANVAS_ELEMENT *' to 'CANVAS_ELEMENT *'
add_pages.c(47): warning C4133: '=': incompatible types - from 'CANVAS_ELEMENT *' to 'CANVAS_ELEMENT *'
add_pages.c(48): warning C4133: '=': incompatible types - from 'CANVAS_ELEMENT *' to 'CANVAS_ELEMENT *'
add_pages.c(53): warning C4133: '=': incompatible types - from 'CANVAS_ELEMENT *' to 'CANVAS_ELEMENT *'
  allegro.c
  c_draw.c
c_draw.c(47): warning C4133: '=': incompatible types - from 'CANVAS_ELEMENT *' to 'CANVAS_ELEMENT *'
  c_draw_elements.c
  display_page.c
display_page.c(24): warning C4133: '=': incompatible types - from 'CANVAS_ELEMENT *' to 'CANVAS_ELEMENT *'
display_page.c(25): warning C4133: '=': incompatible types - from 'CANVAS_ELEMENT *' to 'CANVAS_ELEMENT *'
display_page.c(34): warning C4133: '=': incompatible types - from 'CANVAS_ELEMENT *' to 'CANVAS_ELEMENT *'
display_page.c(35): warning C4133: '=': incompatible types - from 'CANVAS_ELEMENT *' to 'CANVAS_ELEMENT *'
display_page.c(40): warning C4133: '=': incompatible types - from 'CANVAS_ELEMENT *' to 'CANVAS_ELEMENT *'
display_page.c(41): warning C4133: '=': incompatible types - from 'CANVAS_ELEMENT *' to 'CANVAS_ELEMENT *'
display_page.c(50): warning C4133: '=': incompatible types - from 'CANVAS_ELEMENT *' to 'CANVAS_ELEMENT *'
display_page.c(77): warning C4133: '=': incompatible types - from 'Node *' to 'CANVAS_ELEMENT *'
display_page.c(86): warning C4133: '=': incompatible types - from 'CANVAS_ELEMENT *' to 'CANVAS_ELEMENT *'
display_page.c(88): warning C4133: '=': incompatible types - from 'CANVAS_ELEMENT *' to 'CANVAS_ELEMENT *'
  mouse_events.c
  c_init_elements.c
c_init_elements.c(171): warning C4047: 'function': 'int' differs in levels of indirection from 'void *'
c_init_elements.c(171): warning C4024: 'al_load_ttf_font': different types for formal and actual parameter 3
c_init_elements.c(206): warning C4047: 'function': 'int' differs in levels of indirection from 'void *'
c_init_elements.c(206): warning C4024: 'al_load_ttf_font': different types for formal and actual parameter 3
c_init_elements.c(209): warning C4047: 'function': 'int' differs in levels of indirection from 'void *'
c_init_elements.c(209): warning C4024: 'create_text': different types for formal and actual parameter 4
c_init_elements.c(212): warning C4047: 'function': 'int' differs in levels of indirection from 'void *'
c_init_elements.c(212): warning C4024: 'al_load_ttf_font': different types for formal and actual parameter 3
c_init_elements.c(215): warning C4047: 'function': 'int' differs in levels of indirection from 'void *'
c_init_elements.c(215): warning C4024: 'create_text': different types for formal and actual parameter 4
c_init_elements.c(231): warning C4028: formal parameter 8 different from declaration
c_init_elements.c(256): warning C4028: formal parameter 10 different from declaration
  c_pages.c
  element_input_field.c
element_input_field.c(55): warning C4267: 'initializing': conversion from 'size_t' to 'int', possible loss of data
element_input_field.c(64): warning C4267: 'initializing': conversion from 'size_t' to 'int', possible loss of data
element_input_field.c(71): warning C4267: 'initializing': conversion from 'size_t' to 'int', possible loss of data
  Main.c
  node_list_removal.c
node_list_removal.c(10): warning C4133: 'initializing': incompatible types - from 'Node *' to 'CANVAS_ELEMENT *'
node_list_removal.c(24): warning C4133: '=': incompatible types - from 'CANVAS_ELEMENT *' to 'CANVAS_ELEMENT *'
  node_sort.c
node_sort.c(47): warning C4267: 'function': conversion from 'size_t' to 'int', possible loss of data
  on_click.c
  node_creation.c
node_creation.c(35): warning C4133: 'initializing': incompatible types - from 'CANVAS_ELEMENT *' to 'CANVAS_ELEMENT *'
  node_removal.c
  node_search.c
  on_hover.c
  on_scroll.c
on_scroll.c(18): warning C4133: '=': incompatible types - from 'CANVAS_ELEMENT *' to 'CANVAS_ELEMENT *'
  search_button.c
  SL.c
  Generating code
  42 of 86 functions (48.8%) were compiled, the rest were copied from previous compilation.
    0 functions were new in current compilation
    9 functions had inline decision re-evaluated but remain unchanged
  Finished generating code
  Console_Contact_List.vcxproj -> C:\Users\TGP\Documents\GitHub\Project_Contact\x64\Release\Console_Contact_List.exe
  Console_Contact_List.vcxproj -> C:\Users\TGP\Documents\GitHub\Project_Contact\x64\Release\Console_Contact_List.pdb (Full PDB)
