c:\users\tgp\documents\github\project_contact\console_contact_list\x64\release\vc140.pdb
c:\users\tgp\documents\github\project_contact\console_contact_list\x64\release\sl.obj
c:\users\tgp\documents\github\project_contact\console_contact_list\x64\release\search_button.obj
c:\users\tgp\documents\github\project_contact\console_contact_list\x64\release\on_scroll.obj
c:\users\tgp\documents\github\project_contact\console_contact_list\x64\release\on_hover.obj
c:\users\tgp\documents\github\project_contact\console_contact_list\x64\release\node_search.obj
c:\users\tgp\documents\github\project_contact\console_contact_list\x64\release\node_removal.obj
c:\users\tgp\documents\github\project_contact\console_contact_list\x64\release\node_creation.obj
c:\users\tgp\documents\github\project_contact\console_contact_list\x64\release\on_click.obj
c:\users\tgp\documents\github\project_contact\console_contact_list\x64\release\node_sort.obj
c:\users\tgp\documents\github\project_contact\console_contact_list\x64\release\node_list_removal.obj
c:\users\tgp\documents\github\project_contact\console_contact_list\x64\release\main.obj
c:\users\tgp\documents\github\project_contact\console_contact_list\x64\release\element_input_field.obj
c:\users\tgp\documents\github\project_contact\console_contact_list\x64\release\c_pages.obj
c:\users\tgp\documents\github\project_contact\console_contact_list\x64\release\c_init_elements.obj
c:\users\tgp\documents\github\project_contact\console_contact_list\x64\release\mouse_events.obj
c:\users\tgp\documents\github\project_contact\console_contact_list\x64\release\display_page.obj
c:\users\tgp\documents\github\project_contact\console_contact_list\x64\release\c_draw_elements.obj
c:\users\tgp\documents\github\project_contact\console_contact_list\x64\release\c_draw.obj
c:\users\tgp\documents\github\project_contact\console_contact_list\x64\release\allegro.obj
c:\users\tgp\documents\github\project_contact\console_contact_list\x64\release\add_pages.obj
c:\users\tgp\documents\github\project_contact\x64\release\console_contact_list.exe
c:\users\tgp\documents\github\project_contact\x64\release\console_contact_list.pdb
c:\users\tgp\documents\github\project_contact\console_contact_list\x64\release\source.obj
c:\users\tgp\documents\github\project_contact\console_contact_list\x64\release\console_.60ce2752.tlog\cl.command.1.tlog
c:\users\tgp\documents\github\project_contact\console_contact_list\x64\release\console_.60ce2752.tlog\cl.read.1.tlog
c:\users\tgp\documents\github\project_contact\console_contact_list\x64\release\console_.60ce2752.tlog\cl.write.1.tlog
c:\users\tgp\documents\github\project_contact\console_contact_list\x64\release\console_.60ce2752.tlog\link.command.1.tlog
c:\users\tgp\documents\github\project_contact\console_contact_list\x64\release\console_.60ce2752.tlog\link.read.1.tlog
c:\users\tgp\documents\github\project_contact\console_contact_list\x64\release\console_.60ce2752.tlog\link.write.1.tlog
