  mouse_functions.c
  c_manipulation.c
c:\users\tgp\documents\github\project_contact\console_contact_list\c_manipulation.c(65): warning C4133: '=': incompatible types - from 'CANVAS_ELEMENT *' to 'CANVAS_ELEMENT *'
c:\users\tgp\documents\github\project_contact\console_contact_list\c_manipulation.c(71): warning C4013: 'printf' undefined; assuming extern returning int
c:\users\tgp\documents\github\project_contact\console_contact_list\c_manipulation.c(91): warning C4133: '=': incompatible types - from 'CANVAS_ELEMENT *' to 'CANVAS_ELEMENT *'
c:\users\tgp\documents\github\project_contact\console_contact_list\c_manipulation.c(92): warning C4133: '=': incompatible types - from 'CANVAS_ELEMENT *' to 'CANVAS_ELEMENT *'
c:\users\tgp\documents\github\project_contact\console_contact_list\c_manipulation.c(95): warning C4133: '=': incompatible types - from 'CANVAS_ELEMENT *' to 'CANVAS_ELEMENT *'
c:\users\tgp\documents\github\project_contact\console_contact_list\c_manipulation.c(96): warning C4133: '=': incompatible types - from 'CANVAS_ELEMENT *' to 'CANVAS_ELEMENT *'
c:\users\tgp\documents\github\project_contact\console_contact_list\c_manipulation.c(105): warning C4133: '=': incompatible types - from 'CANVAS_ELEMENT *' to 'CANVAS_ELEMENT *'
c:\users\tgp\documents\github\project_contact\console_contact_list\c_manipulation.c(106): warning C4133: '=': incompatible types - from 'CANVAS_ELEMENT *' to 'CANVAS_ELEMENT *'
c:\users\tgp\documents\github\project_contact\console_contact_list\c_manipulation.c(109): warning C4133: '=': incompatible types - from 'CANVAS_ELEMENT *' to 'CANVAS_ELEMENT *'
c:\users\tgp\documents\github\project_contact\console_contact_list\c_manipulation.c(110): warning C4133: '=': incompatible types - from 'CANVAS_ELEMENT *' to 'CANVAS_ELEMENT *'
c:\users\tgp\documents\github\project_contact\console_contact_list\c_manipulation.c(113): warning C4133: '=': incompatible types - from 'CANVAS_ELEMENT *' to 'CANVAS_ELEMENT *'
c:\users\tgp\documents\github\project_contact\console_contact_list\c_manipulation.c(118): warning C4029: declared formal parameter list different from definition
c:\users\tgp\documents\github\project_contact\console_contact_list\c_manipulation.c(142): warning C4133: '=': incompatible types - from 'CANVAS_ELEMENT *' to 'CANVAS_ELEMENT *'
c:\users\tgp\documents\github\project_contact\console_contact_list\c_manipulation.c(144): warning C4133: '=': incompatible types - from 'CANVAS_ELEMENT *' to 'CANVAS_ELEMENT *'
c:\users\tgp\documents\github\project_contact\console_contact_list\c_manipulation.c(190): warning C4133: '=': incompatible types - from 'CANVAS_ELEMENT *' to 'CANVAS_ELEMENT *'
  Main.c
c:\users\tgp\documents\github\project_contact\console_contact_list\main.c(22): warning C4020: 'print_list_to_canvas': too many actual parameters
  Generating Code...
  Console_Contact_List.vcxproj -> C:\Users\TGP\Documents\GitHub\Project_Contact\Debug\Console_Contact_List.exe
  Console_Contact_List.vcxproj -> C:\Users\TGP\Documents\GitHub\Project_Contact\Debug\Console_Contact_List.pdb (Full PDB)
